<?xml version="1.0" encoding="UTF-8"?>
<coverage generated="1588077389881" clover="3.2.0">
  <project timestamp="1588077389881" name="All files">
    <metrics statements="92" coveredstatements="37" conditionals="39" coveredconditionals="14" methods="41" coveredmethods="15" elements="172" coveredelements="66" complexity="0" loc="92" ncloc="92" packages="14" files="15" classes="15"/>
    <package name="mobile-clinic">
      <metrics statements="3" coveredstatements="3" conditionals="0" coveredconditionals="0" methods="1" coveredmethods="1"/>
      <file name="App.js" path="/mnt/c/Users/Cesar/OneDrive/Documentos/development/personal/mobile-clinic/App.js">
        <metrics statements="3" coveredstatements="3" conditionals="0" coveredconditionals="0" methods="1" coveredmethods="1"/>
        <line num="10" count="1" type="stmt"/>
        <line num="12" count="1" type="stmt"/>
        <line num="15" count="1" type="stmt"/>
      </file>
    </package>
    <package name="mobile-clinic.src">
      <metrics statements="3" coveredstatements="3" conditionals="0" coveredconditionals="0" methods="1" coveredmethods="1"/>
      <file name="Home.js" path="/mnt/c/Users/Cesar/OneDrive/Documentos/development/personal/mobile-clinic/src/Home.js">
        <metrics statements="3" coveredstatements="3" conditionals="0" coveredconditionals="0" methods="1" coveredmethods="1"/>
        <line num="12" count="1" type="stmt"/>
        <line num="13" count="1" type="stmt"/>
        <line num="15" count="1" type="stmt"/>
      </file>
    </package>
    <package name="mobile-clinic.src.components.Button">
      <metrics statements="2" coveredstatements="2" conditionals="0" coveredconditionals="0" methods="1" coveredmethods="1"/>
      <file name="index.js" path="/mnt/c/Users/Cesar/OneDrive/Documentos/development/personal/mobile-clinic/src/components/Button/index.js">
        <metrics statements="2" coveredstatements="2" conditionals="0" coveredconditionals="0" methods="1" coveredmethods="1"/>
        <line num="6" count="2" type="stmt"/>
        <line num="13" count="2" type="stmt"/>
      </file>
    </package>
    <package name="mobile-clinic.src.components.Card">
      <metrics statements="2" coveredstatements="2" conditionals="6" coveredconditionals="4" methods="1" coveredmethods="1"/>
      <file name="index.js" path="/mnt/c/Users/Cesar/OneDrive/Documentos/development/personal/mobile-clinic/src/components/Card/index.js">
        <metrics statements="2" coveredstatements="2" conditionals="6" coveredconditionals="4" methods="1" coveredmethods="1"/>
        <line num="10" count="2" type="stmt"/>
        <line num="22" count="3" type="stmt"/>
      </file>
    </package>
    <package name="mobile-clinic.src.components.CardOrder">
      <metrics statements="2" coveredstatements="2" conditionals="2" coveredconditionals="1" methods="1" coveredmethods="1"/>
      <file name="index.js" path="/mnt/c/Users/Cesar/OneDrive/Documentos/development/personal/mobile-clinic/src/components/CardOrder/index.js">
        <metrics statements="2" coveredstatements="2" conditionals="2" coveredconditionals="1" methods="1" coveredmethods="1"/>
        <line num="7" count="1" type="stmt"/>
        <line num="22" count="2" type="stmt"/>
      </file>
    </package>
    <package name="mobile-clinic.src.components.Input">
      <metrics statements="7" coveredstatements="5" conditionals="4" coveredconditionals="4" methods="4" coveredmethods="2"/>
      <file name="index.js" path="/mnt/c/Users/Cesar/OneDrive/Documentos/development/personal/mobile-clinic/src/components/Input/index.js">
        <metrics statements="7" coveredstatements="5" conditionals="4" coveredconditionals="4" methods="4" coveredmethods="2"/>
        <line num="10" count="3" type="stmt"/>
        <line num="12" count="3" type="stmt"/>
        <line num="13" count="3" type="stmt"/>
        <line num="19" count="3" type="cond" truecount="2" falsecount="0"/>
        <line num="20" count="0" type="stmt"/>
        <line num="21" count="0" type="stmt"/>
        <line num="29" count="2" type="stmt"/>
      </file>
    </package>
    <package name="mobile-clinic.src.components.Loading">
      <metrics statements="4" coveredstatements="4" conditionals="4" coveredconditionals="3" methods="2" coveredmethods="1"/>
      <file name="index.js" path="/mnt/c/Users/Cesar/OneDrive/Documentos/development/personal/mobile-clinic/src/components/Loading/index.js">
        <metrics statements="4" coveredstatements="4" conditionals="4" coveredconditionals="3" methods="2" coveredmethods="1"/>
        <line num="7" count="1" type="stmt"/>
        <line num="13" count="1" type="cond" truecount="3" falsecount="1"/>
        <line num="14" count="1" type="stmt"/>
        <line num="25" count="1" type="stmt"/>
      </file>
    </package>
    <package name="mobile-clinic.src.reducers">
      <metrics statements="5" coveredstatements="5" conditionals="0" coveredconditionals="0" methods="2" coveredmethods="2"/>
      <file name="actions.js" path="/mnt/c/Users/Cesar/OneDrive/Documentos/development/personal/mobile-clinic/src/reducers/actions.js">
        <metrics statements="0" coveredstatements="0" conditionals="0" coveredconditionals="0" methods="0" coveredmethods="0"/>
      </file>
      <file name="index.js" path="/mnt/c/Users/Cesar/OneDrive/Documentos/development/personal/mobile-clinic/src/reducers/index.js">
        <metrics statements="5" coveredstatements="5" conditionals="0" coveredconditionals="0" methods="2" coveredmethods="2"/>
        <line num="4" count="1" type="stmt"/>
        <line num="5" count="2" type="stmt"/>
        <line num="8" count="1" type="stmt"/>
        <line num="9" count="1" type="stmt"/>
        <line num="10" count="1" type="stmt"/>
      </file>
    </package>
    <package name="mobile-clinic.src.reducers.loading">
      <metrics statements="9" coveredstatements="0" conditionals="6" coveredconditionals="0" methods="5" coveredmethods="0"/>
      <file name="index.js" path="/mnt/c/Users/Cesar/OneDrive/Documentos/development/personal/mobile-clinic/src/reducers/loading/index.js">
        <metrics statements="9" coveredstatements="0" conditionals="6" coveredconditionals="0" methods="5" coveredmethods="0"/>
        <line num="3" count="0" type="stmt"/>
        <line num="7" count="0" type="stmt"/>
        <line num="12" count="0" type="stmt"/>
        <line num="16" count="0" type="cond" truecount="0" falsecount="1"/>
        <line num="17" count="0" type="cond" truecount="0" falsecount="3"/>
        <line num="19" count="0" type="stmt"/>
        <line num="21" count="0" type="cond" truecount="0" falsecount="2"/>
        <line num="22" count="0" type="stmt"/>
        <line num="24" count="0" type="stmt"/>
      </file>
    </package>
    <package name="mobile-clinic.src.reducers.orders">
      <metrics statements="21" coveredstatements="4" conditionals="7" coveredconditionals="2" methods="4" coveredmethods="1"/>
      <file name="index.js" path="/mnt/c/Users/Cesar/OneDrive/Documentos/development/personal/mobile-clinic/src/reducers/orders/index.js">
        <metrics statements="21" coveredstatements="4" conditionals="7" coveredconditionals="2" methods="4" coveredmethods="1"/>
        <line num="7" count="0" type="stmt"/>
        <line num="8" count="0" type="stmt"/>
        <line num="10" count="0" type="stmt"/>
        <line num="11" count="0" type="stmt"/>
        <line num="12" count="0" type="stmt"/>
        <line num="14" count="0" type="stmt"/>
        <line num="15" count="0" type="stmt"/>
        <line num="19" count="0" type="stmt"/>
        <line num="20" count="0" type="stmt"/>
        <line num="21" count="0" type="stmt"/>
        <line num="23" count="0" type="stmt"/>
        <line num="24" count="0" type="stmt"/>
        <line num="31" count="1" type="stmt"/>
        <line num="33" count="1" type="cond" truecount="1" falsecount="0"/>
        <line num="34" count="3" type="cond" truecount="1" falsecount="5"/>
        <line num="36" count="0" type="stmt"/>
        <line num="38" count="0" type="stmt"/>
        <line num="40" count="0" type="stmt"/>
        <line num="42" count="0" type="stmt"/>
        <line num="44" count="0" type="stmt"/>
        <line num="46" count="3" type="stmt"/>
      </file>
    </package>
    <package name="mobile-clinic.src.views.Login">
      <metrics statements="15" coveredstatements="6" conditionals="8" coveredconditionals="0" methods="8" coveredmethods="3"/>
      <file name="index.js" path="/mnt/c/Users/Cesar/OneDrive/Documentos/development/personal/mobile-clinic/src/views/Login/index.js">
        <metrics statements="15" coveredstatements="6" conditionals="8" coveredconditionals="0" methods="8" coveredmethods="3"/>
        <line num="12" count="1" type="stmt"/>
        <line num="13" count="1" type="stmt"/>
        <line num="14" count="1" type="stmt"/>
        <line num="18" count="1" type="stmt"/>
        <line num="19" count="1" type="stmt"/>
        <line num="26" count="0" type="stmt"/>
        <line num="33" count="0" type="stmt"/>
        <line num="40" count="0" type="stmt"/>
        <line num="46" count="1" type="stmt"/>
        <line num="49" count="0" type="cond" truecount="0" falsecount="4"/>
        <line num="50" count="0" type="stmt"/>
        <line num="52" count="0" type="stmt"/>
        <line num="62" count="0" type="cond" truecount="0" falsecount="4"/>
        <line num="63" count="0" type="stmt"/>
        <line num="65" count="0" type="stmt"/>
      </file>
    </package>
    <package name="mobile-clinic.src.views.Orders.DetailOrder">
      <metrics statements="1" coveredstatements="1" conditionals="0" coveredconditionals="0" methods="1" coveredmethods="1"/>
      <file name="index.js" path="/mnt/c/Users/Cesar/OneDrive/Documentos/development/personal/mobile-clinic/src/views/Orders/DetailOrder/index.js">
        <metrics statements="1" coveredstatements="1" conditionals="0" coveredconditionals="0" methods="1" coveredmethods="1"/>
        <line num="19" count="1" type="stmt"/>
      </file>
    </package>
    <package name="mobile-clinic.src.views.Orders.FormOrder">
      <metrics statements="10" coveredstatements="0" conditionals="0" coveredconditionals="0" methods="4" coveredmethods="0"/>
      <file name="index.js" path="/mnt/c/Users/Cesar/OneDrive/Documentos/development/personal/mobile-clinic/src/views/Orders/FormOrder/index.js">
        <metrics statements="10" coveredstatements="0" conditionals="0" coveredconditionals="0" methods="4" coveredmethods="0"/>
        <line num="10" count="0" type="stmt"/>
        <line num="11" count="0" type="stmt"/>
        <line num="13" count="0" type="stmt"/>
        <line num="20" count="0" type="stmt"/>
        <line num="26" count="0" type="stmt"/>
        <line num="27" count="0" type="stmt"/>
        <line num="28" count="0" type="stmt"/>
        <line num="37" count="0" type="stmt"/>
        <line num="38" count="0" type="stmt"/>
        <line num="39" count="0" type="stmt"/>
      </file>
    </package>
    <package name="mobile-clinic.src.views.Orders.ListOrders">
      <metrics statements="8" coveredstatements="0" conditionals="2" coveredconditionals="0" methods="6" coveredmethods="0"/>
      <file name="index.js" path="/mnt/c/Users/Cesar/OneDrive/Documentos/development/personal/mobile-clinic/src/views/Orders/ListOrders/index.js">
        <metrics statements="8" coveredstatements="0" conditionals="2" coveredconditionals="0" methods="6" coveredmethods="0"/>
        <line num="10" count="0" type="stmt"/>
        <line num="11" count="0" type="stmt"/>
        <line num="13" count="0" type="stmt"/>
        <line num="14" count="0" type="stmt"/>
        <line num="17" count="0" type="stmt"/>
        <line num="23" count="0" type="stmt"/>
        <line num="32" count="0" type="stmt"/>
        <line num="36" count="0" type="stmt"/>
      </file>
    </package>
  </project>
</coverage>
