{"/mnt/c/Users/Cesar/OneDrive/Documentos/development/personal/mobile-clinic/App.js": {"path":"/mnt/c/Users/Cesar/OneDrive/Documentos/development/personal/mobile-clinic/App.js","statementMap":{"0":{"start":{"line":10,"column":0},"end":{"line":10,"column":46}},"1":{"start":{"line":12,"column":14},"end":{"line":12,"column":68}},"2":{"start":{"line":15,"column":2},"end":{"line":19,"column":4}}},"fnMap":{"0":{"name":"App","decl":{"start":{"line":14,"column":24},"end":{"line":14,"column":27}},"loc":{"start":{"line":14,"column":30},"end":{"line":20,"column":1}},"line":14}},"branchMap":{},"s":{"0":1,"1":1,"2":1},"f":{"0":1},"b":{},"_coverageSchema":"43e27e138ebf9cfc5966b082cf9a028302ed4184","hash":"ece3ad27aada44005e3cf4de33fbc5b9fa138d1e"}
,"/mnt/c/Users/Cesar/OneDrive/Documentos/development/personal/mobile-clinic/src/Home.js": {"path":"/mnt/c/Users/Cesar/OneDrive/Documentos/development/personal/mobile-clinic/src/Home.js","statementMap":{"0":{"start":{"line":12,"column":16},"end":{"line":12,"column":38}},"1":{"start":{"line":13,"column":32},"end":{"line":13,"column":37}},"2":{"start":{"line":15,"column":2},"end":{"line":24,"column":4}}},"fnMap":{"0":{"name":"Home","decl":{"start":{"line":11,"column":24},"end":{"line":11,"column":28}},"loc":{"start":{"line":11,"column":31},"end":{"line":25,"column":1}},"line":11}},"branchMap":{},"s":{"0":1,"1":1,"2":1},"f":{"0":1},"b":{},"_coverageSchema":"43e27e138ebf9cfc5966b082cf9a028302ed4184","hash":"a354aea7b545101b676b472d690a1acfb7fb47ff"}
,"/mnt/c/Users/Cesar/OneDrive/Documentos/development/personal/mobile-clinic/src/components/Button/index.js": {"path":"/mnt/c/Users/Cesar/OneDrive/Documentos/development/personal/mobile-clinic/src/components/Button/index.js","statementMap":{"0":{"start":{"line":6,"column":2},"end":{"line":10,"column":4}},"1":{"start":{"line":13,"column":0},"end":{"line":16,"column":2}}},"fnMap":{"0":{"name":"Button","decl":{"start":{"line":5,"column":24},"end":{"line":5,"column":30}},"loc":{"start":{"line":5,"column":60},"end":{"line":11,"column":1}},"line":5}},"branchMap":{},"s":{"0":2,"1":2},"f":{"0":2},"b":{},"_coverageSchema":"43e27e138ebf9cfc5966b082cf9a028302ed4184","hash":"614a5964eaec908335e2fbdd73f8953f8e389da6"}
,"/mnt/c/Users/Cesar/OneDrive/Documentos/development/personal/mobile-clinic/src/components/Card/index.js": {"path":"/mnt/c/Users/Cesar/OneDrive/Documentos/development/personal/mobile-clinic/src/components/Card/index.js","statementMap":{"0":{"start":{"line":10,"column":2},"end":{"line":19,"column":4}},"1":{"start":{"line":22,"column":0},"end":{"line":28,"column":2}}},"fnMap":{"0":{"name":"Card","decl":{"start":{"line":7,"column":24},"end":{"line":7,"column":28}},"loc":{"start":{"line":9,"column":3},"end":{"line":20,"column":1}},"line":9}},"branchMap":{"0":{"loc":{"start":{"line":12,"column":7},"end":{"line":12,"column":44}},"type":"binary-expr","locations":[{"start":{"line":12,"column":7},"end":{"line":12,"column":12}},{"start":{"line":12,"column":16},"end":{"line":12,"column":44}}],"line":12},"1":{"loc":{"start":{"line":14,"column":9},"end":{"line":14,"column":52}},"type":"binary-expr","locations":[{"start":{"line":14,"column":9},"end":{"line":14,"column":15}},{"start":{"line":14,"column":19},"end":{"line":14,"column":52}}],"line":14},"2":{"loc":{"start":{"line":16,"column":9},"end":{"line":16,"column":52}},"type":"binary-expr","locations":[{"start":{"line":16,"column":9},"end":{"line":16,"column":15}},{"start":{"line":16,"column":19},"end":{"line":16,"column":52}}],"line":16}},"s":{"0":2,"1":3},"f":{"0":2},"b":{"0":[2,0],"1":[2,1],"2":[2,0]},"_coverageSchema":"43e27e138ebf9cfc5966b082cf9a028302ed4184","hash":"3834216f2c7b6f7cc1c21f5de6093e458176ab5a"}
,"/mnt/c/Users/Cesar/OneDrive/Documentos/development/personal/mobile-clinic/src/components/CardOrder/index.js": {"path":"/mnt/c/Users/Cesar/OneDrive/Documentos/development/personal/mobile-clinic/src/components/CardOrder/index.js","statementMap":{"0":{"start":{"line":7,"column":2},"end":{"line":19,"column":4}},"1":{"start":{"line":22,"column":0},"end":{"line":28,"column":2}}},"fnMap":{"0":{"name":"CardOrder","decl":{"start":{"line":6,"column":24},"end":{"line":6,"column":33}},"loc":{"start":{"line":6,"column":78},"end":{"line":20,"column":1}},"line":6}},"branchMap":{"0":{"loc":{"start":{"line":10,"column":13},"end":{"line":10,"column":48}},"type":"cond-expr","locations":[{"start":{"line":10,"column":24},"end":{"line":10,"column":41}},{"start":{"line":10,"column":44},"end":{"line":10,"column":48}}],"line":10}},"s":{"0":1,"1":2},"f":{"0":1},"b":{"0":[0,1]},"_coverageSchema":"43e27e138ebf9cfc5966b082cf9a028302ed4184","hash":"bb7d6ba354529ea9e13b25392f34eed0af668aa3"}
,"/mnt/c/Users/Cesar/OneDrive/Documentos/development/personal/mobile-clinic/src/components/Input/index.js": {"path":"/mnt/c/Users/Cesar/OneDrive/Documentos/development/personal/mobile-clinic/src/components/Input/index.js","statementMap":{"0":{"start":{"line":10,"column":6},"end":{"line":10,"column":11}},"1":{"start":{"line":12,"column":34},"end":{"line":12,"column":49}},"2":{"start":{"line":13,"column":2},"end":{"line":26,"column":4}},"3":{"start":{"line":19,"column":22},"end":{"line":19,"column":43}},"4":{"start":{"line":20,"column":25},"end":{"line":20,"column":42}},"5":{"start":{"line":21,"column":24},"end":{"line":21,"column":42}},"6":{"start":{"line":29,"column":0},"end":{"line":35,"column":2}}},"fnMap":{"0":{"name":"Input","decl":{"start":{"line":7,"column":24},"end":{"line":7,"column":29}},"loc":{"start":{"line":7,"column":37},"end":{"line":27,"column":1}},"line":7},"1":{"name":"(anonymous_1)","decl":{"start":{"line":19,"column":15},"end":{"line":19,"column":16}},"loc":{"start":{"line":19,"column":22},"end":{"line":19,"column":43}},"line":19},"2":{"name":"(anonymous_2)","decl":{"start":{"line":20,"column":19},"end":{"line":20,"column":20}},"loc":{"start":{"line":20,"column":25},"end":{"line":20,"column":42}},"line":20},"3":{"name":"(anonymous_3)","decl":{"start":{"line":21,"column":18},"end":{"line":21,"column":19}},"loc":{"start":{"line":21,"column":24},"end":{"line":21,"column":42}},"line":21}},"branchMap":{"0":{"loc":{"start":{"line":19,"column":22},"end":{"line":19,"column":43}},"type":"binary-expr","locations":[{"start":{"line":19,"column":22},"end":{"line":19,"column":28}},{"start":{"line":19,"column":32},"end":{"line":19,"column":43}}],"line":19},"1":{"loc":{"start":{"line":23,"column":9},"end":{"line":23,"column":21}},"type":"binary-expr","locations":[{"start":{"line":23,"column":9},"end":{"line":23,"column":13}},{"start":{"line":23,"column":17},"end":{"line":23,"column":21}}],"line":23}},"s":{"0":3,"1":3,"2":3,"3":3,"4":0,"5":0,"6":2},"f":{"0":3,"1":3,"2":0,"3":0},"b":{"0":[3,1],"1":[3,2]},"_coverageSchema":"43e27e138ebf9cfc5966b082cf9a028302ed4184","hash":"e4daaa052c843fe4e385fdfd491d7784b1221bac"}
,"/mnt/c/Users/Cesar/OneDrive/Documentos/development/personal/mobile-clinic/src/components/Loading/index.js": {"path":"/mnt/c/Users/Cesar/OneDrive/Documentos/development/personal/mobile-clinic/src/components/Loading/index.js","statementMap":{"0":{"start":{"line":7,"column":24},"end":{"line":9,"column":2}},"1":{"start":{"line":7,"column":34},"end":{"line":9,"column":1}},"2":{"start":{"line":13,"column":4},"end":{"line":13,"column":65}},"3":{"start":{"line":13,"column":53},"end":{"line":13,"column":65}},"4":{"start":{"line":14,"column":4},"end":{"line":21,"column":6}},"5":{"start":{"line":25,"column":0},"end":{"line":27,"column":2}}},"fnMap":{"0":{"name":"(anonymous_0)","decl":{"start":{"line":7,"column":24},"end":{"line":7,"column":25}},"loc":{"start":{"line":7,"column":34},"end":{"line":9,"column":1}},"line":7},"1":{"name":"(anonymous_1)","decl":{"start":{"line":12,"column":2},"end":{"line":12,"column":3}},"loc":{"start":{"line":12,"column":11},"end":{"line":22,"column":3}},"line":12}},"branchMap":{"0":{"loc":{"start":{"line":13,"column":4},"end":{"line":13,"column":65}},"type":"if","locations":[{"start":{"line":13,"column":4},"end":{"line":13,"column":65}},{"start":{"line":13,"column":4},"end":{"line":13,"column":65}}],"line":13},"1":{"loc":{"start":{"line":13,"column":8},"end":{"line":13,"column":51}},"type":"binary-expr","locations":[{"start":{"line":13,"column":8},"end":{"line":13,"column":25}},{"start":{"line":13,"column":29},"end":{"line":13,"column":51}}],"line":13}},"s":{"0":1,"1":0,"2":1,"3":0,"4":1,"5":1},"f":{"0":0,"1":1},"b":{"0":[0,1],"1":[1,1]},"_coverageSchema":"43e27e138ebf9cfc5966b082cf9a028302ed4184","hash":"8774b40fd7595364d22d45b2965d165e4f8f1538"}
,"/mnt/c/Users/Cesar/OneDrive/Documentos/development/personal/mobile-clinic/src/reducers/actions.js": {"path":"/mnt/c/Users/Cesar/OneDrive/Documentos/development/personal/mobile-clinic/src/reducers/actions.js","statementMap":{},"fnMap":{},"branchMap":{},"s":{},"f":{},"b":{},"_coverageSchema":"43e27e138ebf9cfc5966b082cf9a028302ed4184","hash":"47e97f8eac97efacf93c831e672861926578da37"}
,"/mnt/c/Users/Cesar/OneDrive/Documentos/development/personal/mobile-clinic/src/reducers/index.js": {"path":"/mnt/c/Users/Cesar/OneDrive/Documentos/development/personal/mobile-clinic/src/reducers/index.js","statementMap":{"0":{"start":{"line":4,"column":21},"end":{"line":6,"column":1}},"1":{"start":{"line":5,"column":9},"end":{"line":5,"column":48}},"2":{"start":{"line":8,"column":17},"end":{"line":8,"column":19}},"3":{"start":{"line":9,"column":0},"end":{"line":11,"column":3}},"4":{"start":{"line":10,"column":2},"end":{"line":10,"column":72}}},"fnMap":{"0":{"name":"(anonymous_0)","decl":{"start":{"line":5,"column":2},"end":{"line":5,"column":3}},"loc":{"start":{"line":5,"column":9},"end":{"line":5,"column":48}},"line":5},"1":{"name":"(anonymous_1)","decl":{"start":{"line":9,"column":21},"end":{"line":9,"column":22}},"loc":{"start":{"line":9,"column":34},"end":{"line":11,"column":1}},"line":9}},"branchMap":{},"s":{"0":1,"1":2,"2":1,"3":1,"4":1},"f":{"0":2,"1":1},"b":{},"_coverageSchema":"43e27e138ebf9cfc5966b082cf9a028302ed4184","hash":"f9398934bf41832158eab0fb84fd3b7201110645"}
,"/mnt/c/Users/Cesar/OneDrive/Documentos/development/personal/mobile-clinic/src/reducers/loading/index.js": {"path":"/mnt/c/Users/Cesar/OneDrive/Documentos/development/personal/mobile-clinic/src/reducers/loading/index.js","statementMap":{"0":{"start":{"line":3,"column":2},"end":{"line":3,"column":57}},"1":{"start":{"line":3,"column":21},"end":{"line":3,"column":56}},"2":{"start":{"line":7,"column":2},"end":{"line":7,"column":56}},"3":{"start":{"line":7,"column":21},"end":{"line":7,"column":55}},"4":{"start":{"line":12,"column":22},"end":{"line":14,"column":1}},"5":{"start":{"line":16,"column":30},"end":{"line":26,"column":1}},"6":{"start":{"line":17,"column":2},"end":{"line":25,"column":3}},"7":{"start":{"line":19,"column":6},"end":{"line":19,"column":54}},"8":{"start":{"line":21,"column":6},"end":{"line":21,"column":77}},"9":{"start":{"line":21,"column":29},"end":{"line":21,"column":77}},"10":{"start":{"line":22,"column":6},"end":{"line":22,"column":38}},"11":{"start":{"line":24,"column":6},"end":{"line":24,"column":19}}},"fnMap":{"0":{"name":"loadingStart","decl":{"start":{"line":2,"column":16},"end":{"line":2,"column":28}},"loc":{"start":{"line":2,"column":31},"end":{"line":4,"column":1}},"line":2},"1":{"name":"(anonymous_1)","decl":{"start":{"line":3,"column":9},"end":{"line":3,"column":10}},"loc":{"start":{"line":3,"column":21},"end":{"line":3,"column":56}},"line":3},"2":{"name":"loadingStop","decl":{"start":{"line":6,"column":16},"end":{"line":6,"column":27}},"loc":{"start":{"line":6,"column":30},"end":{"line":8,"column":1}},"line":6},"3":{"name":"(anonymous_3)","decl":{"start":{"line":7,"column":9},"end":{"line":7,"column":10}},"loc":{"start":{"line":7,"column":21},"end":{"line":7,"column":55}},"line":7},"4":{"name":"(anonymous_4)","decl":{"start":{"line":16,"column":30},"end":{"line":16,"column":31}},"loc":{"start":{"line":16,"column":65},"end":{"line":26,"column":1}},"line":16}},"branchMap":{"0":{"loc":{"start":{"line":16,"column":31},"end":{"line":16,"column":52}},"type":"default-arg","locations":[{"start":{"line":16,"column":39},"end":{"line":16,"column":52}}],"line":16},"1":{"loc":{"start":{"line":17,"column":2},"end":{"line":25,"column":3}},"type":"switch","locations":[{"start":{"line":18,"column":4},"end":{"line":19,"column":54}},{"start":{"line":20,"column":4},"end":{"line":22,"column":38}},{"start":{"line":23,"column":4},"end":{"line":24,"column":19}}],"line":17},"2":{"loc":{"start":{"line":21,"column":6},"end":{"line":21,"column":77}},"type":"if","locations":[{"start":{"line":21,"column":6},"end":{"line":21,"column":77}},{"start":{"line":21,"column":6},"end":{"line":21,"column":77}}],"line":21}},"s":{"0":0,"1":0,"2":0,"3":0,"4":0,"5":0,"6":0,"7":0,"8":0,"9":0,"10":0,"11":0},"f":{"0":0,"1":0,"2":0,"3":0,"4":0},"b":{"0":[0],"1":[0,0,0],"2":[0,0]},"hash":"1480e090c0be5ee86d122d30124765c1c2bb43d7"}
,"/mnt/c/Users/Cesar/OneDrive/Documentos/development/personal/mobile-clinic/src/reducers/orders/index.js": {"path":"/mnt/c/Users/Cesar/OneDrive/Documentos/development/personal/mobile-clinic/src/reducers/orders/index.js","statementMap":{"0":{"start":{"line":7,"column":19},"end":{"line":7,"column":32}},"1":{"start":{"line":8,"column":2},"end":{"line":27,"column":4}},"2":{"start":{"line":10,"column":6},"end":{"line":16,"column":7}},"3":{"start":{"line":11,"column":25},"end":{"line":11,"column":77}},"4":{"start":{"line":12,"column":8},"end":{"line":12,"column":66}},"5":{"start":{"line":14,"column":8},"end":{"line":14,"column":33}},"6":{"start":{"line":15,"column":8},"end":{"line":15,"column":58}},"7":{"start":{"line":19,"column":6},"end":{"line":25,"column":7}},"8":{"start":{"line":20,"column":25},"end":{"line":20,"column":56}},"9":{"start":{"line":21,"column":8},"end":{"line":21,"column":68}},"10":{"start":{"line":23,"column":8},"end":{"line":23,"column":57}},"11":{"start":{"line":24,"column":8},"end":{"line":24,"column":58}},"12":{"start":{"line":31,"column":22},"end":{"line":31,"column":46}},"13":{"start":{"line":33,"column":29},"end":{"line":48,"column":1}},"14":{"start":{"line":34,"column":2},"end":{"line":47,"column":3}},"15":{"start":{"line":36,"column":6},"end":{"line":36,"column":48}},"16":{"start":{"line":38,"column":6},"end":{"line":38,"column":50}},"17":{"start":{"line":40,"column":6},"end":{"line":40,"column":50}},"18":{"start":{"line":42,"column":6},"end":{"line":42,"column":50}},"19":{"start":{"line":44,"column":6},"end":{"line":44,"column":40}},"20":{"start":{"line":46,"column":6},"end":{"line":46,"column":19}}},"fnMap":{"0":{"name":"useOrders","decl":{"start":{"line":6,"column":16},"end":{"line":6,"column":25}},"loc":{"start":{"line":6,"column":28},"end":{"line":28,"column":1}},"line":6},"1":{"name":"(anonymous_1)","decl":{"start":{"line":9,"column":4},"end":{"line":9,"column":5}},"loc":{"start":{"line":9,"column":34},"end":{"line":17,"column":5}},"line":9},"2":{"name":"(anonymous_2)","decl":{"start":{"line":18,"column":4},"end":{"line":18,"column":5}},"loc":{"start":{"line":18,"column":23},"end":{"line":26,"column":5}},"line":18},"3":{"name":"(anonymous_3)","decl":{"start":{"line":33,"column":29},"end":{"line":33,"column":30}},"loc":{"start":{"line":33,"column":64},"end":{"line":48,"column":1}},"line":33}},"branchMap":{"0":{"loc":{"start":{"line":33,"column":30},"end":{"line":33,"column":51}},"type":"default-arg","locations":[{"start":{"line":33,"column":38},"end":{"line":33,"column":51}}],"line":33},"1":{"loc":{"start":{"line":34,"column":2},"end":{"line":47,"column":3}},"type":"switch","locations":[{"start":{"line":35,"column":4},"end":{"line":36,"column":48}},{"start":{"line":37,"column":4},"end":{"line":38,"column":50}},{"start":{"line":39,"column":4},"end":{"line":40,"column":50}},{"start":{"line":41,"column":4},"end":{"line":42,"column":50}},{"start":{"line":43,"column":4},"end":{"line":44,"column":40}},{"start":{"line":45,"column":4},"end":{"line":46,"column":19}}],"line":34}},"s":{"0":0,"1":0,"2":0,"3":0,"4":0,"5":0,"6":0,"7":0,"8":0,"9":0,"10":0,"11":0,"12":1,"13":1,"14":3,"15":0,"16":0,"17":0,"18":0,"19":0,"20":3},"f":{"0":0,"1":0,"2":0,"3":3},"b":{"0":[3],"1":[0,0,0,0,0,3]},"_coverageSchema":"43e27e138ebf9cfc5966b082cf9a028302ed4184","hash":"a32f33304ea34581640bd453aa919f1578ed081d"}
,"/mnt/c/Users/Cesar/OneDrive/Documentos/development/personal/mobile-clinic/src/views/Login/index.js": {"path":"/mnt/c/Users/Cesar/OneDrive/Documentos/development/personal/mobile-clinic/src/views/Login/index.js","statementMap":{"0":{"start":{"line":12,"column":4},"end":{"line":12,"column":17}},"1":{"start":{"line":13,"column":4},"end":{"line":13,"column":23}},"2":{"start":{"line":14,"column":4},"end":{"line":14,"column":23}},"3":{"start":{"line":18,"column":26},"end":{"line":18,"column":43}},"4":{"start":{"line":19,"column":4},"end":{"line":70,"column":6}},"5":{"start":{"line":26,"column":14},"end":{"line":26,"column":39}},"6":{"start":{"line":33,"column":35},"end":{"line":33,"column":58}},"7":{"start":{"line":40,"column":14},"end":{"line":40,"column":39}},"8":{"start":{"line":46,"column":14},"end":{"line":46,"column":38}},"9":{"start":{"line":49,"column":14},"end":{"line":51,"column":15}},"10":{"start":{"line":50,"column":16},"end":{"line":50,"column":74}},"11":{"start":{"line":52,"column":14},"end":{"line":52,"column":65}},"12":{"start":{"line":62,"column":14},"end":{"line":64,"column":15}},"13":{"start":{"line":63,"column":16},"end":{"line":63,"column":74}},"14":{"start":{"line":65,"column":14},"end":{"line":65,"column":65}}},"fnMap":{"0":{"name":"(anonymous_0)","decl":{"start":{"line":11,"column":2},"end":{"line":11,"column":3}},"loc":{"start":{"line":11,"column":21},"end":{"line":15,"column":3}},"line":11},"1":{"name":"(anonymous_1)","decl":{"start":{"line":17,"column":2},"end":{"line":17,"column":3}},"loc":{"start":{"line":17,"column":11},"end":{"line":71,"column":3}},"line":17},"2":{"name":"(anonymous_2)","decl":{"start":{"line":25,"column":26},"end":{"line":25,"column":27}},"loc":{"start":{"line":25,"column":40},"end":{"line":27,"column":13}},"line":25},"3":{"name":"(anonymous_3)","decl":{"start":{"line":33,"column":29},"end":{"line":33,"column":30}},"loc":{"start":{"line":33,"column":35},"end":{"line":33,"column":58}},"line":33},"4":{"name":"(anonymous_4)","decl":{"start":{"line":39,"column":26},"end":{"line":39,"column":27}},"loc":{"start":{"line":39,"column":40},"end":{"line":41,"column":13}},"line":39},"5":{"name":"(anonymous_5)","decl":{"start":{"line":45,"column":20},"end":{"line":45,"column":21}},"loc":{"start":{"line":45,"column":31},"end":{"line":47,"column":13}},"line":45},"6":{"name":"(anonymous_6)","decl":{"start":{"line":48,"column":29},"end":{"line":48,"column":30}},"loc":{"start":{"line":48,"column":35},"end":{"line":53,"column":13}},"line":48},"7":{"name":"(anonymous_7)","decl":{"start":{"line":61,"column":21},"end":{"line":61,"column":22}},"loc":{"start":{"line":61,"column":27},"end":{"line":66,"column":13}},"line":61}},"branchMap":{"0":{"loc":{"start":{"line":49,"column":14},"end":{"line":51,"column":15}},"type":"if","locations":[{"start":{"line":49,"column":14},"end":{"line":51,"column":15}},{"start":{"line":49,"column":14},"end":{"line":51,"column":15}}],"line":49},"1":{"loc":{"start":{"line":49,"column":18},"end":{"line":49,"column":48}},"type":"binary-expr","locations":[{"start":{"line":49,"column":18},"end":{"line":49,"column":31}},{"start":{"line":49,"column":35},"end":{"line":49,"column":48}}],"line":49},"2":{"loc":{"start":{"line":62,"column":14},"end":{"line":64,"column":15}},"type":"if","locations":[{"start":{"line":62,"column":14},"end":{"line":64,"column":15}},{"start":{"line":62,"column":14},"end":{"line":64,"column":15}}],"line":62},"3":{"loc":{"start":{"line":62,"column":18},"end":{"line":62,"column":48}},"type":"binary-expr","locations":[{"start":{"line":62,"column":18},"end":{"line":62,"column":31}},{"start":{"line":62,"column":35},"end":{"line":62,"column":48}}],"line":62}},"s":{"0":1,"1":1,"2":1,"3":1,"4":1,"5":0,"6":0,"7":0,"8":1,"9":0,"10":0,"11":0,"12":0,"13":0,"14":0},"f":{"0":1,"1":1,"2":0,"3":0,"4":0,"5":1,"6":0,"7":0},"b":{"0":[0,0],"1":[0,0],"2":[0,0],"3":[0,0]},"_coverageSchema":"43e27e138ebf9cfc5966b082cf9a028302ed4184","hash":"2b40e853a384727c3a82de119423f0b9ace10a4f"}
,"/mnt/c/Users/Cesar/OneDrive/Documentos/development/personal/mobile-clinic/src/views/Orders/DetailOrder/index.js": {"path":"/mnt/c/Users/Cesar/OneDrive/Documentos/development/personal/mobile-clinic/src/views/Orders/DetailOrder/index.js","statementMap":{"0":{"start":{"line":19,"column":2},"end":{"line":50,"column":4}}},"fnMap":{"0":{"name":"DetailEvent","decl":{"start":{"line":18,"column":24},"end":{"line":18,"column":35}},"loc":{"start":{"line":18,"column":38},"end":{"line":51,"column":1}},"line":18}},"branchMap":{},"s":{"0":1},"f":{"0":1},"b":{},"_coverageSchema":"43e27e138ebf9cfc5966b082cf9a028302ed4184","hash":"f74cdf7b08131aa9abc55bab83ee9990c4ea6c3d"}
,"/mnt/c/Users/Cesar/OneDrive/Documentos/development/personal/mobile-clinic/src/views/Orders/FormOrder/index.js": {"path":"/mnt/c/Users/Cesar/OneDrive/Documentos/development/personal/mobile-clinic/src/views/Orders/FormOrder/index.js","statementMap":{"0":{"start":{"line":10,"column":30},"end":{"line":10,"column":41}},"1":{"start":{"line":11,"column":26},"end":{"line":11,"column":38}},"2":{"start":{"line":13,"column":2},"end":{"line":44,"column":4}},"3":{"start":{"line":20,"column":12},"end":{"line":20,"column":31}},"4":{"start":{"line":26,"column":12},"end":{"line":26,"column":70}},"5":{"start":{"line":27,"column":12},"end":{"line":27,"column":52}},"6":{"start":{"line":28,"column":12},"end":{"line":28,"column":40}},"7":{"start":{"line":37,"column":12},"end":{"line":37,"column":70}},"8":{"start":{"line":38,"column":12},"end":{"line":38,"column":52}},"9":{"start":{"line":39,"column":12},"end":{"line":39,"column":40}}},"fnMap":{"0":{"name":"FormOrder","decl":{"start":{"line":9,"column":24},"end":{"line":9,"column":33}},"loc":{"start":{"line":9,"column":50},"end":{"line":45,"column":1}},"line":9},"1":{"name":"(anonymous_1)","decl":{"start":{"line":19,"column":24},"end":{"line":19,"column":25}},"loc":{"start":{"line":19,"column":39},"end":{"line":21,"column":11}},"line":19},"2":{"name":"(anonymous_2)","decl":{"start":{"line":25,"column":27},"end":{"line":25,"column":28}},"loc":{"start":{"line":25,"column":33},"end":{"line":29,"column":11}},"line":25},"3":{"name":"(anonymous_3)","decl":{"start":{"line":36,"column":19},"end":{"line":36,"column":20}},"loc":{"start":{"line":36,"column":25},"end":{"line":40,"column":11}},"line":36}},"branchMap":{},"s":{"0":0,"1":0,"2":0,"3":0,"4":0,"5":0,"6":0,"7":0,"8":0,"9":0},"f":{"0":0,"1":0,"2":0,"3":0},"b":{},"_coverageSchema":"43e27e138ebf9cfc5966b082cf9a028302ed4184","hash":"c738941c015720487c0eda8883acce9c058beae8"}
,"/mnt/c/Users/Cesar/OneDrive/Documentos/development/personal/mobile-clinic/src/views/Orders/ListOrders/index.js": {"path":"/mnt/c/Users/Cesar/OneDrive/Documentos/development/personal/mobile-clinic/src/views/Orders/ListOrders/index.js","statementMap":{"0":{"start":{"line":10,"column":22},"end":{"line":10,"column":33}},"1":{"start":{"line":11,"column":19},"end":{"line":11,"column":55}},"2":{"start":{"line":11,"column":42},"end":{"line":11,"column":54}},"3":{"start":{"line":13,"column":2},"end":{"line":15,"column":13}},"4":{"start":{"line":14,"column":4},"end":{"line":14,"column":32}},"5":{"start":{"line":17,"column":2},"end":{"line":46,"column":4}},"6":{"start":{"line":23,"column":10},"end":{"line":23,"column":57}},"7":{"start":{"line":32,"column":10},"end":{"line":42,"column":13}},"8":{"start":{"line":36,"column":16},"end":{"line":36,"column":69}}},"fnMap":{"0":{"name":"ListOrders","decl":{"start":{"line":9,"column":24},"end":{"line":9,"column":34}},"loc":{"start":{"line":9,"column":51},"end":{"line":47,"column":1}},"line":9},"1":{"name":"(anonymous_1)","decl":{"start":{"line":11,"column":31},"end":{"line":11,"column":32}},"loc":{"start":{"line":11,"column":42},"end":{"line":11,"column":54}},"line":11},"2":{"name":"(anonymous_2)","decl":{"start":{"line":13,"column":12},"end":{"line":13,"column":13}},"loc":{"start":{"line":13,"column":18},"end":{"line":15,"column":3}},"line":13},"3":{"name":"(anonymous_3)","decl":{"start":{"line":22,"column":17},"end":{"line":22,"column":18}},"loc":{"start":{"line":22,"column":23},"end":{"line":24,"column":9}},"line":22},"4":{"name":"(anonymous_4)","decl":{"start":{"line":31,"column":20},"end":{"line":31,"column":21}},"loc":{"start":{"line":32,"column":10},"end":{"line":42,"column":13}},"line":32},"5":{"name":"(anonymous_5)","decl":{"start":{"line":35,"column":23},"end":{"line":35,"column":24}},"loc":{"start":{"line":36,"column":16},"end":{"line":36,"column":69}},"line":36}},"branchMap":{"0":{"loc":{"start":{"line":26,"column":7},"end":{"line":28,"column":7}},"type":"binary-expr","locations":[{"start":{"line":26,"column":7},"end":{"line":26,"column":24}},{"start":{"line":27,"column":8},"end":{"line":27,"column":61}}],"line":26}},"s":{"0":0,"1":0,"2":0,"3":0,"4":0,"5":0,"6":0,"7":0,"8":0},"f":{"0":0,"1":0,"2":0,"3":0,"4":0,"5":0},"b":{"0":[0,0]},"_coverageSchema":"43e27e138ebf9cfc5966b082cf9a028302ed4184","hash":"17a8deeb5c1efe143af2b255664563fd12bdbc14"}
}
