TN:
SF:/mnt/c/Users/Cesar/OneDrive/Documentos/development/personal/mobile-clinic/App.js
FN:14,App
FNF:1
FNH:1
FNDA:1,App
DA:10,1
DA:12,1
DA:15,1
LF:3
LH:3
BRF:0
BRH:0
end_of_record
TN:
SF:/mnt/c/Users/Cesar/OneDrive/Documentos/development/personal/mobile-clinic/src/Home.js
FN:11,Home
FNF:1
FNH:1
FNDA:1,Home
DA:12,1
DA:13,1
DA:15,1
LF:3
LH:3
BRF:0
BRH:0
end_of_record
TN:
SF:/mnt/c/Users/Cesar/OneDrive/Documentos/development/personal/mobile-clinic/src/components/Button/index.js
FN:5,Button
FNF:1
FNH:1
FNDA:2,Button
DA:6,2
DA:13,2
LF:2
LH:2
BRF:0
BRH:0
end_of_record
TN:
SF:/mnt/c/Users/Cesar/OneDrive/Documentos/development/personal/mobile-clinic/src/components/Card/index.js
FN:7,Card
FNF:1
FNH:1
FNDA:2,Card
DA:10,2
DA:22,3
LF:2
LH:2
BRDA:12,0,0,2
BRDA:12,0,1,0
BRDA:14,1,0,2
BRDA:14,1,1,1
BRDA:16,2,0,2
BRDA:16,2,1,0
BRF:6
BRH:4
end_of_record
TN:
SF:/mnt/c/Users/Cesar/OneDrive/Documentos/development/personal/mobile-clinic/src/components/CardOrder/index.js
FN:6,CardOrder
FNF:1
FNH:1
FNDA:1,CardOrder
DA:7,1
DA:22,2
LF:2
LH:2
BRDA:10,0,0,0
BRDA:10,0,1,1
BRF:2
BRH:1
end_of_record
TN:
SF:/mnt/c/Users/Cesar/OneDrive/Documentos/development/personal/mobile-clinic/src/components/Input/index.js
FN:7,Input
FN:19,(anonymous_1)
FN:20,(anonymous_2)
FN:21,(anonymous_3)
FNF:4
FNH:2
FNDA:3,Input
FNDA:3,(anonymous_1)
FNDA:0,(anonymous_2)
FNDA:0,(anonymous_3)
DA:10,3
DA:12,3
DA:13,3
DA:19,3
DA:20,0
DA:21,0
DA:29,2
LF:7
LH:5
BRDA:19,0,0,3
BRDA:19,0,1,1
BRDA:23,1,0,3
BRDA:23,1,1,2
BRF:4
BRH:4
end_of_record
TN:
SF:/mnt/c/Users/Cesar/OneDrive/Documentos/development/personal/mobile-clinic/src/components/Loading/index.js
FN:7,(anonymous_0)
FN:12,(anonymous_1)
FNF:2
FNH:1
FNDA:0,(anonymous_0)
FNDA:1,(anonymous_1)
DA:7,1
DA:13,1
DA:14,1
DA:25,1
LF:4
LH:4
BRDA:13,0,0,0
BRDA:13,0,1,1
BRDA:13,1,0,1
BRDA:13,1,1,1
BRF:4
BRH:3
end_of_record
TN:
SF:/mnt/c/Users/Cesar/OneDrive/Documentos/development/personal/mobile-clinic/src/reducers/actions.js
FNF:0
FNH:0
LF:0
LH:0
BRF:0
BRH:0
end_of_record
TN:
SF:/mnt/c/Users/Cesar/OneDrive/Documentos/development/personal/mobile-clinic/src/reducers/index.js
FN:5,(anonymous_0)
FN:9,(anonymous_1)
FNF:2
FNH:2
FNDA:2,(anonymous_0)
FNDA:1,(anonymous_1)
DA:4,1
DA:5,2
DA:8,1
DA:9,1
DA:10,1
LF:5
LH:5
BRF:0
BRH:0
end_of_record
TN:
SF:/mnt/c/Users/Cesar/OneDrive/Documentos/development/personal/mobile-clinic/src/reducers/loading/index.js
FN:2,loadingStart
FN:3,(anonymous_1)
FN:6,loadingStop
FN:7,(anonymous_3)
FN:16,(anonymous_4)
FNF:5
FNH:0
FNDA:0,loadingStart
FNDA:0,(anonymous_1)
FNDA:0,loadingStop
FNDA:0,(anonymous_3)
FNDA:0,(anonymous_4)
DA:3,0
DA:7,0
DA:12,0
DA:16,0
DA:17,0
DA:19,0
DA:21,0
DA:22,0
DA:24,0
LF:9
LH:0
BRDA:16,0,0,0
BRDA:17,1,0,0
BRDA:17,1,1,0
BRDA:17,1,2,0
BRDA:21,2,0,0
BRDA:21,2,1,0
BRF:6
BRH:0
end_of_record
TN:
SF:/mnt/c/Users/Cesar/OneDrive/Documentos/development/personal/mobile-clinic/src/reducers/orders/index.js
FN:6,useOrders
FN:9,(anonymous_1)
FN:18,(anonymous_2)
FN:33,(anonymous_3)
FNF:4
FNH:1
FNDA:0,useOrders
FNDA:0,(anonymous_1)
FNDA:0,(anonymous_2)
FNDA:3,(anonymous_3)
DA:7,0
DA:8,0
DA:10,0
DA:11,0
DA:12,0
DA:14,0
DA:15,0
DA:19,0
DA:20,0
DA:21,0
DA:23,0
DA:24,0
DA:31,1
DA:33,1
DA:34,3
DA:36,0
DA:38,0
DA:40,0
DA:42,0
DA:44,0
DA:46,3
LF:21
LH:4
BRDA:33,0,0,3
BRDA:34,1,0,0
BRDA:34,1,1,0
BRDA:34,1,2,0
BRDA:34,1,3,0
BRDA:34,1,4,0
BRDA:34,1,5,3
BRF:7
BRH:2
end_of_record
TN:
SF:/mnt/c/Users/Cesar/OneDrive/Documentos/development/personal/mobile-clinic/src/views/Login/index.js
FN:11,(anonymous_0)
FN:17,(anonymous_1)
FN:25,(anonymous_2)
FN:33,(anonymous_3)
FN:39,(anonymous_4)
FN:45,(anonymous_5)
FN:48,(anonymous_6)
FN:61,(anonymous_7)
FNF:8
FNH:3
FNDA:1,(anonymous_0)
FNDA:1,(anonymous_1)
FNDA:0,(anonymous_2)
FNDA:0,(anonymous_3)
FNDA:0,(anonymous_4)
FNDA:1,(anonymous_5)
FNDA:0,(anonymous_6)
FNDA:0,(anonymous_7)
DA:12,1
DA:13,1
DA:14,1
DA:18,1
DA:19,1
DA:26,0
DA:33,0
DA:40,0
DA:46,1
DA:49,0
DA:50,0
DA:52,0
DA:62,0
DA:63,0
DA:65,0
LF:15
LH:6
BRDA:49,0,0,0
BRDA:49,0,1,0
BRDA:49,1,0,0
BRDA:49,1,1,0
BRDA:62,2,0,0
BRDA:62,2,1,0
BRDA:62,3,0,0
BRDA:62,3,1,0
BRF:8
BRH:0
end_of_record
TN:
SF:/mnt/c/Users/Cesar/OneDrive/Documentos/development/personal/mobile-clinic/src/views/Orders/DetailOrder/index.js
FN:18,DetailEvent
FNF:1
FNH:1
FNDA:1,DetailEvent
DA:19,1
LF:1
LH:1
BRF:0
BRH:0
end_of_record
TN:
SF:/mnt/c/Users/Cesar/OneDrive/Documentos/development/personal/mobile-clinic/src/views/Orders/FormOrder/index.js
FN:9,FormOrder
FN:19,(anonymous_1)
FN:25,(anonymous_2)
FN:36,(anonymous_3)
FNF:4
FNH:0
FNDA:0,FormOrder
FNDA:0,(anonymous_1)
FNDA:0,(anonymous_2)
FNDA:0,(anonymous_3)
DA:10,0
DA:11,0
DA:13,0
DA:20,0
DA:26,0
DA:27,0
DA:28,0
DA:37,0
DA:38,0
DA:39,0
LF:10
LH:0
BRF:0
BRH:0
end_of_record
TN:
SF:/mnt/c/Users/Cesar/OneDrive/Documentos/development/personal/mobile-clinic/src/views/Orders/ListOrders/index.js
FN:9,ListOrders
FN:11,(anonymous_1)
FN:13,(anonymous_2)
FN:22,(anonymous_3)
FN:31,(anonymous_4)
FN:35,(anonymous_5)
FNF:6
FNH:0
FNDA:0,ListOrders
FNDA:0,(anonymous_1)
FNDA:0,(anonymous_2)
FNDA:0,(anonymous_3)
FNDA:0,(anonymous_4)
FNDA:0,(anonymous_5)
DA:10,0
DA:11,0
DA:13,0
DA:14,0
DA:17,0
DA:23,0
DA:32,0
DA:36,0
LF:8
LH:0
BRDA:26,0,0,0
BRDA:26,0,1,0
BRF:2
BRH:0
end_of_record
